# JRE version: OpenJDK Runtime Environment (21.0.2+13) (build 21.0.2+13-58)
# Java VM: OpenJDK 64-Bit Server VM (21.0.2+13-58, mixed mode, sharing, tiered, compressed oops, compressed class ptrs, g1 gc, linux-amd64)
GC Precious Log:
 CardTable entry size: 512
 Card Set container configuration: InlinePtr #cards 4 size 8 Array Of Cards #cards 16 size 48 Howl #buckets 8 coarsen threshold 3686 Howl Bitmap #cards 512 size 80 coarsen threshold 460 Card regions per heap region 1 cards per card region 4096
 CPUs: 32 total, 12 available
 Memory: 15920M
 Large Page Support: Disabled
 NUMA Support: Disabled
 Compressed Oops: Enabled (Zero based)
 Heap Region Size: 2M
 Heap Min Capacity: 8M
 Heap Initial Capacity: 250M
 Heap Max Capacity: 3982M
 Pre-touch: Disabled
 Parallel Workers: 10
 Concurrent Workers: 3
 Concurrent Refinement Workers: 10
 Periodic GC: Disabled
Heap:
 garbage-first heap   total 258048K, used 71872K [0x0000000707200000, 0x0000000800000000)
  region size 2048K, 15 young (30720K), 1 survivors (2048K)
 Metaspace       used 18898K, committed 19264K, reserved 1114112K
  class space    used 2509K, committed 2688K, reserved 1048576K
GC Heap History (20 events):
Event: 153.461 GC heap before
{Heap before GC invocations=133 (full 0):
 garbage-first heap   total 258048K, used 196339K [0x0000000707200000, 0x0000000800000000)
  region size 2048K, 75 young (153600K), 1 survivors (2048K)
 Metaspace       used 18853K, committed 19200K, reserved 1114112K
  class space    used 2508K, committed 2688K, reserved 1048576K
}
Event: 153.462 GC heap after
{Heap after GC invocations=134 (full 0):
 garbage-first heap   total 258048K, used 44838K [0x0000000707200000, 0x0000000800000000)
  region size 2048K, 1 young (2048K), 1 survivors (2048K)
 Metaspace       used 18853K, committed 19200K, reserved 1114112K
  class space    used 2508K, committed 2688K, reserved 1048576K
}
Event: 154.339 GC heap before
{Heap before GC invocations=134 (full 0):
 garbage-first heap   total 258048K, used 196390K [0x0000000707200000, 0x0000000800000000)
  region size 2048K, 75 young (153600K), 1 survivors (2048K)
 Metaspace       used 18853K, committed 19200K, reserved 1114112K
  class space    used 2508K, committed 2688K, reserved 1048576K
}
Event: 154.341 GC heap after
{Heap after GC invocations=135 (full 0):
 garbage-first heap   total 258048K, used 44907K [0x0000000707200000, 0x0000000800000000)
  region size 2048K, 1 young (2048K), 1 survivors (2048K)
 Metaspace       used 18853K, committed 19200K, reserved 1114112K
  class space    used 2508K, committed 2688K, reserved 1048576K
}
Event: 155.214 GC heap before
{Heap before GC invocations=135 (full 0):
 garbage-first heap   total 258048K, used 196459K [0x0000000707200000, 0x0000000800000000)
  region size 2048K, 75 young (153600K), 1 survivors (2048K)
 Metaspace       used 18853K, committed 19200K, reserved 1114112K
  class space    used 2508K, committed 2688K, reserved 1048576K
}
Event: 155.215 GC heap after
{Heap after GC invocations=136 (full 0):
 garbage-first heap   total 258048K, used 44955K [0x0000000707200000, 0x0000000800000000)
  region size 2048K, 1 young (2048K), 1 survivors (2048K)
 Metaspace       used 18853K, committed 19200K, reserved 1114112K
  class space    used 2508K, committed 2688K, reserved 1048576K
}
Event: 156.084 GC heap before
{Heap before GC invocations=136 (full 0):
 garbage-first heap   total 258048K, used 196507K [0x0000000707200000, 0x0000000800000000)
  region size 2048K, 75 young (153600K), 1 survivors (2048K)
 Metaspace       used 18853K, committed 19200K, reserved 1114112K
  class space    used 2508K, committed 2688K, reserved 1048576K
}
Event: 156.085 GC heap after
{Heap after GC invocations=137 (full 0):
 garbage-first heap   total 258048K, used 44982K [0x0000000707200000, 0x0000000800000000)
  region size 2048K, 1 young (2048K), 1 survivors (2048K)
 Metaspace       used 18853K, committed 19200K, reserved 1114112K
  class space    used 2508K, committed 2688K, reserved 1048576K
}
Event: 156.956 GC heap before
{Heap before GC invocations=137 (full 0):
 garbage-first heap   total 258048K, used 196534K [0x0000000707200000, 0x0000000800000000)
  region size 2048K, 75 young (153600K), 1 survivors (2048K)
 Metaspace       used 18853K, committed 19200K, reserved 1114112K
  class space    used 2508K, committed 2688K, reserved 1048576K
}
Event: 156.957 GC heap after
{Heap after GC invocations=138 (full 0):
 garbage-first heap   total 258048K, used 44993K [0x0000000707200000, 0x0000000800000000)
  region size 2048K, 1 young (2048K), 1 survivors (2048K)
 Metaspace       used 18853K, committed 19200K, reserved 1114112K
  class space    used 2508K, committed 2688K, reserved 1048576K
}
Event: 157.827 GC heap before
{Heap before GC invocations=138 (full 0):
 garbage-first heap   total 258048K, used 196545K [0x0000000707200000, 0x0000000800000000)
  region size 2048K, 75 young (153600K), 1 survivors (2048K)
 Metaspace       used 18853K, committed 19200K, reserved 1114112K
  class space    used 2508K, committed 2688K, reserved 1048576K
}
Event: 157.828 GC heap after
{Heap after GC invocations=139 (full 0):
 garbage-first heap   total 258048K, used 45079K [0x0000000707200000, 0x0000000800000000)
  region size 2048K, 1 young (2048K), 1 survivors (2048K)
 Metaspace       used 18853K, committed 19200K, reserved 1114112K
  class space    used 2508K, committed 2688K, reserved 1048576K
}
Event: 158.697 GC heap before
{Heap before GC invocations=139 (full 0):
 garbage-first heap   total 258048K, used 196631K [0x0000000707200000, 0x0000000800000000)
  region size 2048K, 75 young (153600K), 1 survivors (2048K)
 Metaspace       used 18853K, committed 19200K, reserved 1114112K
  class space    used 2508K, committed 2688K, reserved 1048576K
}
Event: 158.699 GC heap after
{Heap after GC invocations=140 (full 0):
 garbage-first heap   total 258048K, used 45127K [0x0000000707200000, 0x0000000800000000)
  region size 2048K, 1 young (2048K), 1 survivors (2048K)
 Metaspace       used 18853K, committed 19200K, reserved 1114112K
  class space    used 2508K, committed 2688K, reserved 1048576K
}
Event: 159.572 GC heap before
{Heap before GC invocations=140 (full 0):
 garbage-first heap   total 258048K, used 196679K [0x0000000707200000, 0x0000000800000000)
  region size 2048K, 75 young (153600K), 1 survivors (2048K)
 Metaspace       used 18853K, committed 19200K, reserved 1114112K
  class space    used 2508K, committed 2688K, reserved 1048576K
}
Event: 159.573 GC heap after
{Heap after GC invocations=141 (full 0):
 garbage-first heap   total 258048K, used 45168K [0x0000000707200000, 0x0000000800000000)
  region size 2048K, 1 young (2048K), 1 survivors (2048K)
 Metaspace       used 18853K, committed 19200K, reserved 1114112K
  class space    used 2508K, committed 2688K, reserved 1048576K
}
Event: 160.439 GC heap before
{Heap before GC invocations=141 (full 0):
 garbage-first heap   total 258048K, used 196720K [0x0000000707200000, 0x0000000800000000)
  region size 2048K, 75 young (153600K), 1 survivors (2048K)
 Metaspace       used 18853K, committed 19200K, reserved 1114112K
  class space    used 2508K, committed 2688K, reserved 1048576K
}
Event: 160.441 GC heap after
{Heap after GC invocations=142 (full 0):
 garbage-first heap   total 258048K, used 45192K [0x0000000707200000, 0x0000000800000000)
  region size 2048K, 1 young (2048K), 1 survivors (2048K)
 Metaspace       used 18853K, committed 19200K, reserved 1114112K
  class space    used 2508K, committed 2688K, reserved 1048576K
}
Event: 161.315 GC heap before
{Heap before GC invocations=142 (full 0):
 garbage-first heap   total 258048K, used 196744K [0x0000000707200000, 0x0000000800000000)
  region size 2048K, 75 young (153600K), 1 survivors (2048K)
 Metaspace       used 18853K, committed 19200K, reserved 1114112K
  class space    used 2508K, committed 2688K, reserved 1048576K
}
Event: 161.316 GC heap after
{Heap after GC invocations=143 (full 0):
 garbage-first heap   total 258048K, used 45248K [0x0000000707200000, 0x0000000800000000)
  region size 2048K, 1 young (2048K), 1 survivors (2048K)
 Metaspace       used 18853K, committed 19200K, reserved 1114112K
  class space    used 2508K, committed 2688K, reserved 1048576K
}

